{
  "stats": {
    "suites": 1,
    "tests": 1,
    "passes": 1,
    "pending": 0,
    "failures": 0,
    "start": "2023-08-29T18:20:27.462Z",
    "end": "2023-08-29T18:20:33.527Z",
    "duration": 6065,
    "testsRegistered": 1,
    "passPercent": 100,
    "pendingPercent": 0,
    "other": 0,
    "hasOther": false,
    "skipped": 0,
    "hasSkipped": false
  },
  "results": [
    {
      "uuid": "657fbff6-7b74-4123-998a-412200ae56d7",
      "title": "",
      "fullFile": "cypress\\e2e\\incorrect-register.cy.js",
      "file": "cypress\\e2e\\incorrect-register.cy.js",
      "beforeHooks": [],
      "afterHooks": [],
      "tests": [],
      "suites": [
        {
          "uuid": "e807c93e-5e21-4036-8324-55853bbce4c2",
          "title": "Register page",
          "fullFile": "",
          "file": "",
          "beforeHooks": [],
          "afterHooks": [],
          "tests": [
            {
              "title": "Fill out form fields incorrectly",
              "fullTitle": "Register page Fill out form fields incorrectly",
              "timedOut": null,
              "duration": 2487,
              "state": "passed",
              "speed": "fast",
              "pass": true,
              "fail": false,
              "pending": false,
              "context": null,
              "code": "cy.visit('http://localhost:4200/#/home');\ncy.get('[data-test=\"register\"]').click();\ncy.get('[data-test=\"btnRegister\"]').click();\ncy.get('[data-test=\"btnRegister\"]').click();\ncy.contains('Email is required!').should('be.visible');\ncy.contains('Full name is required!').should('be.visible');\ncy.contains('User name is required!').should('be.visible');\ncy.contains('Password is required!').should('be.visible');",
              "err": {},
              "uuid": "f51f4280-7324-4e3e-80ac-4402113401a9",
              "parentUUID": "e807c93e-5e21-4036-8324-55853bbce4c2",
              "isHook": false,
              "skipped": false
            }
          ],
          "suites": [],
          "passes": [
            "f51f4280-7324-4e3e-80ac-4402113401a9"
          ],
          "failures": [],
          "pending": [],
          "skipped": [],
          "duration": 2487,
          "root": false,
          "rootEmpty": false,
          "_timeout": 2000
        }
      ],
      "passes": [],
      "failures": [],
      "pending": [],
      "skipped": [],
      "duration": 0,
      "root": true,
      "rootEmpty": true,
      "_timeout": 2000
    }
  ],
  "meta": {
    "mocha": {
      "version": "7.0.1"
    },
    "mochawesome": {
      "options": {
        "quiet": false,
        "reportFilename": "mochawesome",
        "saveHtml": true,
        "saveJson": true,
        "consoleReporter": "spec",
        "useInlineDiffs": false,
        "code": true
      },
      "version": "7.1.3"
    },
    "marge": {
      "options": null,
      "version": "6.2.0"
    }
  }
}